2023-11-06 01:56:30,265 WARN [http-nio-8080-exec-10] co.edu.unisabana.reservas.reservaciones.domain.service.CitaService: la cita 3 es reprogramada al dia 2023-10-15 a las 15:30 
2023-11-06 01:57:02,997 WARN [http-nio-8080-exec-1] co.edu.unisabana.reservas.reservaciones.web.controller.CitaController: Se elimina la cita 3
2023-11-06 01:57:32,241 INFO [main] org.springframework.boot.StartupInfoLogger: Starting ReservacionesApplication using Java 19.0.2 with PID 26702 (/Users/brayanbaez/Documents/ProyectosUni/REST_APIs/build/classes/java/main started by brayanbaez in /Users/brayanbaez/Documents/ProyectosUni/REST_APIs)
2023-11-06 01:57:32,246 DEBUG [main] org.springframework.boot.StartupInfoLogger: Running with Spring Boot v3.1.3, Spring v6.0.11
2023-11-06 01:57:32,247 INFO [main] org.springframework.boot.SpringApplication: No active profile set, falling back to 1 default profile: "default"
2023-11-06 01:57:37,630 WARN [main] org.springframework.boot.autoconfigure.orm.jpa.JpaBaseConfiguration$JpaWebConfiguration: spring.jpa.open-in-view is enabled by default. Therefore, database queries may be performed during view rendering. Explicitly configure spring.jpa.open-in-view to disable this warning
2023-11-06 01:57:38,259 INFO [main] org.springframework.boot.StartupInfoLogger: Started ReservacionesApplication in 6.511 seconds (process running for 8.062)
2023-11-06 01:58:02,273 WARN [http-nio-8080-exec-2] co.edu.unisabana.reservas.reservaciones.domain.service.FranjaDeTrabajoService: Se creo la franja de trabajo el dia 2023-12-03 de 10:00 hasta las 15:00
2023-11-06 01:58:21,915 WARN [http-nio-8080-exec-5] co.edu.unisabana.reservas.reservaciones.domain.service.CitaService: Nueva cita guardada el dia 2023-12-03 de 13:00 a las 14:00
2023-11-06 01:58:25,332 WARN [http-nio-8080-exec-6] co.edu.unisabana.reservas.reservaciones.web.controller.CitaController: Se elimina la cita 4
2023-11-06 01:58:31,602 WARN [http-nio-8080-exec-7] co.edu.unisabana.reservas.reservaciones.domain.service.CitaService: La cita 5 no se encontro
2023-11-06 01:58:50,455 WARN [http-nio-8080-exec-8] co.edu.unisabana.reservas.reservaciones.domain.service.CitaService: La cita 3 no se encontro
2023-11-06 01:58:53,604 WARN [http-nio-8080-exec-9] co.edu.unisabana.reservas.reservaciones.domain.service.CitaService: La cita 4 no se encontro
2023-11-06 01:58:56,580 WARN [http-nio-8080-exec-10] co.edu.unisabana.reservas.reservaciones.domain.service.CitaService: La cita 6 no se encontro
2023-11-06 01:59:02,175 WARN [http-nio-8080-exec-1] co.edu.unisabana.reservas.reservaciones.domain.service.CitaService: Nueva cita guardada el dia 2023-12-03 de 13:00 a las 14:00
2023-11-06 01:59:23,548 WARN [http-nio-8080-exec-2] co.edu.unisabana.reservas.reservaciones.domain.service.CitaService: la cita 5 es reprogramada al dia 2023-10-15 a las 15:30 
2023-11-06 02:10:33,935 INFO [main] org.springframework.boot.StartupInfoLogger: Starting ReservacionesApplication using Java 19.0.2 with PID 27081 (/Users/brayanbaez/Documents/ProyectosUni/REST_APIs/build/classes/java/main started by brayanbaez in /Users/brayanbaez/Documents/ProyectosUni/REST_APIs)
2023-11-06 02:10:33,955 DEBUG [main] org.springframework.boot.StartupInfoLogger: Running with Spring Boot v3.1.3, Spring v6.0.11
2023-11-06 02:10:33,956 INFO [main] org.springframework.boot.SpringApplication: No active profile set, falling back to 1 default profile: "default"
2023-11-06 02:10:39,516 WARN [main] org.springframework.boot.autoconfigure.orm.jpa.JpaBaseConfiguration$JpaWebConfiguration: spring.jpa.open-in-view is enabled by default. Therefore, database queries may be performed during view rendering. Explicitly configure spring.jpa.open-in-view to disable this warning
2023-11-06 02:10:40,088 INFO [main] org.springframework.boot.StartupInfoLogger: Started ReservacionesApplication in 6.986 seconds (process running for 9.188)
2023-11-06 02:10:55,007 INFO [Test worker] org.springframework.boot.StartupInfoLogger: Starting ReservacionesApplicationTest using Java 19.0.2 with PID 27092 (started by brayanbaez in /Users/brayanbaez/Documents/ProyectosUni/REST_APIs)
2023-11-06 02:10:55,009 DEBUG [Test worker] org.springframework.boot.StartupInfoLogger: Running with Spring Boot v3.1.3, Spring v6.0.11
2023-11-06 02:10:55,011 INFO [Test worker] org.springframework.boot.SpringApplication: No active profile set, falling back to 1 default profile: "default"
2023-11-06 02:11:03,227 WARN [Test worker] org.springframework.boot.autoconfigure.orm.jpa.JpaBaseConfiguration$JpaWebConfiguration: spring.jpa.open-in-view is enabled by default. Therefore, database queries may be performed during view rendering. Explicitly configure spring.jpa.open-in-view to disable this warning
2023-11-06 02:11:04,346 INFO [Test worker] org.springframework.boot.StartupInfoLogger: Started ReservacionesApplicationTest in 9.858 seconds (process running for 13.579)
2023-11-06 02:11:05,336 INFO [Test worker] org.springframework.boot.StartupInfoLogger: Starting ReservacionesApplication using Java 19.0.2 with PID 27092 (started by brayanbaez in /Users/brayanbaez/Documents/ProyectosUni/REST_APIs)
2023-11-06 02:11:05,336 DEBUG [Test worker] org.springframework.boot.StartupInfoLogger: Running with Spring Boot v3.1.3, Spring v6.0.11
2023-11-06 02:11:05,337 INFO [Test worker] org.springframework.boot.SpringApplication: No active profile set, falling back to 1 default profile: "default"
2023-11-06 02:11:06,533 WARN [Test worker] org.springframework.boot.autoconfigure.orm.jpa.JpaBaseConfiguration$JpaWebConfiguration: spring.jpa.open-in-view is enabled by default. Therefore, database queries may be performed during view rendering. Explicitly configure spring.jpa.open-in-view to disable this warning
2023-11-06 02:11:06,761 INFO [Test worker] org.springframework.boot.StartupInfoLogger: Started ReservacionesApplication in 1.449 seconds (process running for 15.995)
2023-11-06 02:11:06,856 INFO [Test worker] org.springframework.boot.StartupInfoLogger: Starting CitaControllerTest using Java 19.0.2 with PID 27092 (started by brayanbaez in /Users/brayanbaez/Documents/ProyectosUni/REST_APIs)
2023-11-06 02:11:06,858 DEBUG [Test worker] org.springframework.boot.StartupInfoLogger: Running with Spring Boot v3.1.3, Spring v6.0.11
2023-11-06 02:11:06,858 INFO [Test worker] org.springframework.boot.SpringApplication: No active profile set, falling back to 1 default profile: "default"
2023-11-06 02:11:07,821 WARN [Test worker] org.springframework.boot.autoconfigure.orm.jpa.JpaBaseConfiguration$JpaWebConfiguration: spring.jpa.open-in-view is enabled by default. Therefore, database queries may be performed during view rendering. Explicitly configure spring.jpa.open-in-view to disable this warning
2023-11-06 02:11:07,844 WARN [Test worker] org.springframework.security.config.annotation.web.builders.WebSecurity: You are asking Spring Security to ignore Ant [pattern='/**']. This is not recommended -- please use permitAll via HttpSecurity#authorizeHttpRequests instead.
2023-11-06 02:11:08,007 INFO [Test worker] org.springframework.boot.StartupInfoLogger: Started CitaControllerTest in 1.188 seconds (process running for 17.24)
2023-11-06 02:11:08,539 WARN [Test worker] co.edu.unisabana.reservas.reservaciones.domain.service.CitaService: La cita 8 no se encontro
2023-11-06 02:11:08,658 INFO [Test worker] org.springframework.boot.StartupInfoLogger: Starting FranjaDeTrabajoControllerTest using Java 19.0.2 with PID 27092 (started by brayanbaez in /Users/brayanbaez/Documents/ProyectosUni/REST_APIs)
2023-11-06 02:11:08,661 DEBUG [Test worker] org.springframework.boot.StartupInfoLogger: Running with Spring Boot v3.1.3, Spring v6.0.11
2023-11-06 02:11:08,661 INFO [Test worker] org.springframework.boot.SpringApplication: No active profile set, falling back to 1 default profile: "default"
2023-11-06 02:11:11,065 WARN [Test worker] org.springframework.boot.autoconfigure.orm.jpa.JpaBaseConfiguration$JpaWebConfiguration: spring.jpa.open-in-view is enabled by default. Therefore, database queries may be performed during view rendering. Explicitly configure spring.jpa.open-in-view to disable this warning
2023-11-06 02:11:11,168 WARN [Test worker] org.springframework.security.config.annotation.web.builders.WebSecurity: You are asking Spring Security to ignore Ant [pattern='/**']. This is not recommended -- please use permitAll via HttpSecurity#authorizeHttpRequests instead.
2023-11-06 02:11:11,608 INFO [Test worker] org.springframework.boot.StartupInfoLogger: Started FranjaDeTrabajoControllerTest in 2.988 seconds (process running for 20.841)
2023-11-06 02:11:12,503 WARN [Test worker] co.edu.unisabana.reservas.reservaciones.domain.service.CitaService: Nueva cita guardada el dia null de null a las null
2023-11-06 02:11:12,536 WARN [Test worker] co.edu.unisabana.reservas.reservaciones.domain.service.CitaService: la cita 1 es reprogramada al dia null a las null 
2023-11-06 02:11:12,546 WARN [Test worker] co.edu.unisabana.reservas.reservaciones.domain.service.CitaService: Nueva cita guardada el dia null de null a las null
2023-11-06 02:11:12,552 WARN [Test worker] co.edu.unisabana.reservas.reservaciones.domain.service.CitaService: La cita 1 no se encontro
2023-11-06 02:11:12,569 WARN [Test worker] co.edu.unisabana.reservas.reservaciones.domain.service.FranjaDeTrabajoService: Se actualizo la franja de trabajo 1
2023-11-06 02:11:12,578 WARN [Test worker] co.edu.unisabana.reservas.reservaciones.domain.service.FranjaDeTrabajoService: Se creo la franja de trabajo el dia null de null hasta las null
2023-11-06 02:12:42,624 INFO [main] org.springframework.boot.StartupInfoLogger: Starting ReservacionesApplication using Java 19.0.2 with PID 27139 (/Users/brayanbaez/Documents/ProyectosUni/REST_APIs/build/classes/java/main started by brayanbaez in /Users/brayanbaez/Documents/ProyectosUni/REST_APIs)
2023-11-06 02:12:42,626 DEBUG [main] org.springframework.boot.StartupInfoLogger: Running with Spring Boot v3.1.3, Spring v6.0.11
2023-11-06 02:12:42,872 INFO [main] org.springframework.boot.SpringApplication: No active profile set, falling back to 1 default profile: "default"
2023-11-06 02:12:46,857 WARN [main] org.springframework.boot.autoconfigure.orm.jpa.JpaBaseConfiguration$JpaWebConfiguration: spring.jpa.open-in-view is enabled by default. Therefore, database queries may be performed during view rendering. Explicitly configure spring.jpa.open-in-view to disable this warning
2023-11-06 02:12:47,310 INFO [main] org.springframework.boot.StartupInfoLogger: Started ReservacionesApplication in 5.304 seconds (process running for 6.403)
2023-11-06 02:13:15,476 WARN [http-nio-8080-exec-3] co.edu.unisabana.reservas.reservaciones.web.controller.CitaController: Se elimina la cita 5
2023-11-06 02:13:32,145 WARN [http-nio-8080-exec-4] co.edu.unisabana.reservas.reservaciones.domain.service.CitaService: Nueva cita guardada el dia 2023-12-03 de 13:00 a las 14:00
2023-11-06 02:13:36,697 WARN [http-nio-8080-exec-5] co.edu.unisabana.reservas.reservaciones.domain.service.CitaService: la cita 6 es reprogramada al dia 2023-10-15 a las 15:30 
2023-11-06 02:14:47,375 INFO [Test worker] org.springframework.boot.StartupInfoLogger: Starting CitaControllerTest using Java 19.0.2 with PID 27192 (started by brayanbaez in /Users/brayanbaez/Documents/ProyectosUni/REST_APIs)
2023-11-06 02:14:47,387 DEBUG [Test worker] org.springframework.boot.StartupInfoLogger: Running with Spring Boot v3.1.3, Spring v6.0.11
2023-11-06 02:14:47,389 INFO [Test worker] org.springframework.boot.SpringApplication: No active profile set, falling back to 1 default profile: "default"
2023-11-06 02:14:57,468 WARN [Test worker] org.springframework.boot.autoconfigure.orm.jpa.JpaBaseConfiguration$JpaWebConfiguration: spring.jpa.open-in-view is enabled by default. Therefore, database queries may be performed during view rendering. Explicitly configure spring.jpa.open-in-view to disable this warning
2023-11-06 02:14:57,788 WARN [Test worker] org.springframework.security.config.annotation.web.builders.WebSecurity: You are asking Spring Security to ignore Ant [pattern='/**']. This is not recommended -- please use permitAll via HttpSecurity#authorizeHttpRequests instead.
2023-11-06 02:14:58,751 INFO [Test worker] org.springframework.boot.StartupInfoLogger: Started CitaControllerTest in 12.646 seconds (process running for 18.126)
2023-11-06 02:15:00,875 WARN [Test worker] co.edu.unisabana.reservas.reservaciones.domain.service.CitaService: La cita 8 no se encontro
2023-11-06 02:15:42,059 INFO [Test worker] org.springframework.boot.StartupInfoLogger: Starting CitaControllerTest using Java 19.0.2 with PID 27233 (started by brayanbaez in /Users/brayanbaez/Documents/ProyectosUni/REST_APIs)
2023-11-06 02:15:42,064 DEBUG [Test worker] org.springframework.boot.StartupInfoLogger: Running with Spring Boot v3.1.3, Spring v6.0.11
2023-11-06 02:15:42,066 INFO [Test worker] org.springframework.boot.SpringApplication: No active profile set, falling back to 1 default profile: "default"
2023-11-06 02:15:51,277 WARN [Test worker] org.springframework.boot.autoconfigure.orm.jpa.JpaBaseConfiguration$JpaWebConfiguration: spring.jpa.open-in-view is enabled by default. Therefore, database queries may be performed during view rendering. Explicitly configure spring.jpa.open-in-view to disable this warning
2023-11-06 02:15:51,555 WARN [Test worker] org.springframework.security.config.annotation.web.builders.WebSecurity: You are asking Spring Security to ignore Ant [pattern='/**']. This is not recommended -- please use permitAll via HttpSecurity#authorizeHttpRequests instead.
2023-11-06 02:15:52,508 INFO [Test worker] org.springframework.boot.StartupInfoLogger: Started CitaControllerTest in 11.051 seconds (process running for 14.72)
2023-11-06 02:15:53,516 WARN [Test worker] co.edu.unisabana.reservas.reservaciones.domain.service.CitaService: La cita 8 no se encontro
2023-11-06 02:17:00,092 INFO [Test worker] org.springframework.boot.StartupInfoLogger: Starting CitaControllerTest using Java 19.0.2 with PID 27304 (started by brayanbaez in /Users/brayanbaez/Documents/ProyectosUni/REST_APIs)
2023-11-06 02:17:00,098 DEBUG [Test worker] org.springframework.boot.StartupInfoLogger: Running with Spring Boot v3.1.3, Spring v6.0.11
2023-11-06 02:17:00,100 INFO [Test worker] org.springframework.boot.SpringApplication: No active profile set, falling back to 1 default profile: "default"
2023-11-06 02:17:13,836 WARN [Test worker] org.springframework.boot.autoconfigure.orm.jpa.JpaBaseConfiguration$JpaWebConfiguration: spring.jpa.open-in-view is enabled by default. Therefore, database queries may be performed during view rendering. Explicitly configure spring.jpa.open-in-view to disable this warning
2023-11-06 02:17:14,215 WARN [Test worker] org.springframework.security.config.annotation.web.builders.WebSecurity: You are asking Spring Security to ignore Ant [pattern='/**']. This is not recommended -- please use permitAll via HttpSecurity#authorizeHttpRequests instead.
2023-11-06 02:17:15,382 INFO [Test worker] org.springframework.boot.StartupInfoLogger: Started CitaControllerTest in 15.775 seconds (process running for 18.993)
2023-11-06 02:17:17,121 WARN [Test worker] co.edu.unisabana.reservas.reservaciones.domain.service.CitaService: la cita 6 es reprogramada al dia 2023-12-03 a las 12:00 
2023-11-06 02:17:53,929 INFO [Test worker] org.springframework.boot.StartupInfoLogger: Starting CitaControllerTest using Java 19.0.2 with PID 27350 (started by brayanbaez in /Users/brayanbaez/Documents/ProyectosUni/REST_APIs)
2023-11-06 02:17:53,937 DEBUG [Test worker] org.springframework.boot.StartupInfoLogger: Running with Spring Boot v3.1.3, Spring v6.0.11
2023-11-06 02:17:53,939 INFO [Test worker] org.springframework.boot.SpringApplication: No active profile set, falling back to 1 default profile: "default"
2023-11-06 02:18:06,854 WARN [Test worker] org.springframework.boot.autoconfigure.orm.jpa.JpaBaseConfiguration$JpaWebConfiguration: spring.jpa.open-in-view is enabled by default. Therefore, database queries may be performed during view rendering. Explicitly configure spring.jpa.open-in-view to disable this warning
2023-11-06 02:18:07,286 WARN [Test worker] org.springframework.security.config.annotation.web.builders.WebSecurity: You are asking Spring Security to ignore Ant [pattern='/**']. This is not recommended -- please use permitAll via HttpSecurity#authorizeHttpRequests instead.
2023-11-06 02:18:08,690 INFO [Test worker] org.springframework.boot.StartupInfoLogger: Started CitaControllerTest in 15.729 seconds (process running for 21.318)
2023-11-06 02:18:38,871 INFO [Test worker] org.springframework.boot.StartupInfoLogger: Starting ReservacionesApplicationTest using Java 19.0.2 with PID 27393 (started by brayanbaez in /Users/brayanbaez/Documents/ProyectosUni/REST_APIs)
2023-11-06 02:18:38,876 DEBUG [Test worker] org.springframework.boot.StartupInfoLogger: Running with Spring Boot v3.1.3, Spring v6.0.11
2023-11-06 02:18:38,877 INFO [Test worker] org.springframework.boot.SpringApplication: No active profile set, falling back to 1 default profile: "default"
2023-11-06 02:18:52,616 WARN [Test worker] org.springframework.boot.autoconfigure.orm.jpa.JpaBaseConfiguration$JpaWebConfiguration: spring.jpa.open-in-view is enabled by default. Therefore, database queries may be performed during view rendering. Explicitly configure spring.jpa.open-in-view to disable this warning
2023-11-06 02:18:53,998 INFO [Test worker] org.springframework.boot.StartupInfoLogger: Started ReservacionesApplicationTest in 15.887 seconds (process running for 22.509)
2023-11-06 02:18:55,424 INFO [Test worker] org.springframework.boot.StartupInfoLogger: Starting ReservacionesApplication using Java 19.0.2 with PID 27393 (started by brayanbaez in /Users/brayanbaez/Documents/ProyectosUni/REST_APIs)
2023-11-06 02:18:55,425 DEBUG [Test worker] org.springframework.boot.StartupInfoLogger: Running with Spring Boot v3.1.3, Spring v6.0.11
2023-11-06 02:18:55,425 INFO [Test worker] org.springframework.boot.SpringApplication: No active profile set, falling back to 1 default profile: "default"
2023-11-06 02:18:57,106 WARN [Test worker] org.springframework.boot.autoconfigure.orm.jpa.JpaBaseConfiguration$JpaWebConfiguration: spring.jpa.open-in-view is enabled by default. Therefore, database queries may be performed during view rendering. Explicitly configure spring.jpa.open-in-view to disable this warning
2023-11-06 02:18:57,364 INFO [Test worker] org.springframework.boot.StartupInfoLogger: Started ReservacionesApplication in 1.974 seconds (process running for 25.875)
2023-11-06 02:18:57,501 INFO [Test worker] org.springframework.boot.StartupInfoLogger: Starting CitaControllerTest using Java 19.0.2 with PID 27393 (started by brayanbaez in /Users/brayanbaez/Documents/ProyectosUni/REST_APIs)
2023-11-06 02:18:57,502 DEBUG [Test worker] org.springframework.boot.StartupInfoLogger: Running with Spring Boot v3.1.3, Spring v6.0.11
2023-11-06 02:18:57,502 INFO [Test worker] org.springframework.boot.SpringApplication: No active profile set, falling back to 1 default profile: "default"
2023-11-06 02:18:58,882 WARN [Test worker] org.springframework.boot.autoconfigure.orm.jpa.JpaBaseConfiguration$JpaWebConfiguration: spring.jpa.open-in-view is enabled by default. Therefore, database queries may be performed during view rendering. Explicitly configure spring.jpa.open-in-view to disable this warning
2023-11-06 02:18:58,918 WARN [Test worker] org.springframework.security.config.annotation.web.builders.WebSecurity: You are asking Spring Security to ignore Ant [pattern='/**']. This is not recommended -- please use permitAll via HttpSecurity#authorizeHttpRequests instead.
2023-11-06 02:18:59,323 INFO [Test worker] org.springframework.boot.StartupInfoLogger: Started CitaControllerTest in 1.856 seconds (process running for 27.835)
2023-11-06 02:19:00,208 WARN [Test worker] co.edu.unisabana.reservas.reservaciones.domain.service.CitaService: la cita 6 es reprogramada al dia 2023-12-03 a las 12:00 
2023-11-06 02:19:00,350 INFO [Test worker] org.springframework.boot.StartupInfoLogger: Starting FranjaDeTrabajoControllerTest using Java 19.0.2 with PID 27393 (started by brayanbaez in /Users/brayanbaez/Documents/ProyectosUni/REST_APIs)
2023-11-06 02:19:00,351 DEBUG [Test worker] org.springframework.boot.StartupInfoLogger: Running with Spring Boot v3.1.3, Spring v6.0.11
2023-11-06 02:19:00,352 INFO [Test worker] org.springframework.boot.SpringApplication: No active profile set, falling back to 1 default profile: "default"
2023-11-06 02:19:03,480 WARN [Test worker] org.springframework.boot.autoconfigure.orm.jpa.JpaBaseConfiguration$JpaWebConfiguration: spring.jpa.open-in-view is enabled by default. Therefore, database queries may be performed during view rendering. Explicitly configure spring.jpa.open-in-view to disable this warning
2023-11-06 02:19:03,589 WARN [Test worker] org.springframework.security.config.annotation.web.builders.WebSecurity: You are asking Spring Security to ignore Ant [pattern='/**']. This is not recommended -- please use permitAll via HttpSecurity#authorizeHttpRequests instead.
2023-11-06 02:19:04,239 INFO [Test worker] org.springframework.boot.StartupInfoLogger: Started FranjaDeTrabajoControllerTest in 3.929 seconds (process running for 32.751)
2023-11-06 02:19:05,608 WARN [Test worker] co.edu.unisabana.reservas.reservaciones.domain.service.CitaService: Nueva cita guardada el dia null de null a las null
2023-11-06 02:19:05,713 WARN [Test worker] co.edu.unisabana.reservas.reservaciones.domain.service.CitaService: la cita 1 es reprogramada al dia null a las null 
2023-11-06 02:19:05,739 WARN [Test worker] co.edu.unisabana.reservas.reservaciones.domain.service.CitaService: Nueva cita guardada el dia null de null a las null
2023-11-06 02:19:05,755 WARN [Test worker] co.edu.unisabana.reservas.reservaciones.domain.service.CitaService: La cita 1 no se encontro
2023-11-06 02:19:05,791 WARN [Test worker] co.edu.unisabana.reservas.reservaciones.domain.service.FranjaDeTrabajoService: Se actualizo la franja de trabajo 1
2023-11-06 02:19:05,810 WARN [Test worker] co.edu.unisabana.reservas.reservaciones.domain.service.FranjaDeTrabajoService: Se creo la franja de trabajo el dia null de null hasta las null
2023-11-06 02:19:38,502 INFO [Test worker] org.springframework.boot.StartupInfoLogger: Starting CitaControllerTest using Java 19.0.2 with PID 27431 (started by brayanbaez in /Users/brayanbaez/Documents/ProyectosUni/REST_APIs)
2023-11-06 02:19:38,514 DEBUG [Test worker] org.springframework.boot.StartupInfoLogger: Running with Spring Boot v3.1.3, Spring v6.0.11
2023-11-06 02:19:38,517 INFO [Test worker] org.springframework.boot.SpringApplication: No active profile set, falling back to 1 default profile: "default"
2023-11-06 02:19:55,843 WARN [Test worker] org.springframework.boot.autoconfigure.orm.jpa.JpaBaseConfiguration$JpaWebConfiguration: spring.jpa.open-in-view is enabled by default. Therefore, database queries may be performed during view rendering. Explicitly configure spring.jpa.open-in-view to disable this warning
2023-11-06 02:19:58,156 WARN [Test worker] org.springframework.security.config.annotation.web.builders.WebSecurity: You are asking Spring Security to ignore Ant [pattern='/**']. This is not recommended -- please use permitAll via HttpSecurity#authorizeHttpRequests instead.
2023-11-06 02:20:12,568 INFO [Test worker] org.springframework.boot.StartupInfoLogger: Starting CitaControllerTest using Java 19.0.2 with PID 27452 (started by brayanbaez in /Users/brayanbaez/Documents/ProyectosUni/REST_APIs)
2023-11-06 02:20:12,574 DEBUG [Test worker] org.springframework.boot.StartupInfoLogger: Running with Spring Boot v3.1.3, Spring v6.0.11
2023-11-06 02:20:12,579 INFO [Test worker] org.springframework.boot.SpringApplication: No active profile set, falling back to 1 default profile: "default"
2023-11-06 02:20:25,239 WARN [Test worker] org.springframework.boot.autoconfigure.orm.jpa.JpaBaseConfiguration$JpaWebConfiguration: spring.jpa.open-in-view is enabled by default. Therefore, database queries may be performed during view rendering. Explicitly configure spring.jpa.open-in-view to disable this warning
2023-11-06 02:20:25,622 WARN [Test worker] org.springframework.security.config.annotation.web.builders.WebSecurity: You are asking Spring Security to ignore Ant [pattern='/**']. This is not recommended -- please use permitAll via HttpSecurity#authorizeHttpRequests instead.
2023-11-06 02:20:26,981 INFO [Test worker] org.springframework.boot.StartupInfoLogger: Started CitaControllerTest in 15.706 seconds (process running for 24.883)
2023-11-06 02:20:28,903 WARN [Test worker] co.edu.unisabana.reservas.reservaciones.domain.service.CitaService: la cita 6 es reprogramada al dia 2023-12-03 a las 12:00 
2023-11-06 02:20:28,950 WARN [Test worker] co.edu.unisabana.reservas.reservaciones.web.controller.CitaController: Se elimina la cita 6
2023-11-06 02:20:43,408 INFO [Test worker] org.springframework.boot.StartupInfoLogger: Starting ReservacionesApplicationTest using Java 19.0.2 with PID 27480 (started by brayanbaez in /Users/brayanbaez/Documents/ProyectosUni/REST_APIs)
2023-11-06 02:20:43,413 DEBUG [Test worker] org.springframework.boot.StartupInfoLogger: Running with Spring Boot v3.1.3, Spring v6.0.11
2023-11-06 02:20:43,416 INFO [Test worker] org.springframework.boot.SpringApplication: No active profile set, falling back to 1 default profile: "default"
2023-11-06 02:21:03,662 WARN [Test worker] org.springframework.boot.autoconfigure.orm.jpa.JpaBaseConfiguration$JpaWebConfiguration: spring.jpa.open-in-view is enabled by default. Therefore, database queries may be performed during view rendering. Explicitly configure spring.jpa.open-in-view to disable this warning
2023-11-06 02:21:05,391 INFO [Test worker] org.springframework.boot.StartupInfoLogger: Started ReservacionesApplicationTest in 22.75 seconds (process running for 29.036)
2023-11-06 02:21:07,255 INFO [Test worker] org.springframework.boot.StartupInfoLogger: Starting ReservacionesApplication using Java 19.0.2 with PID 27480 (started by brayanbaez in /Users/brayanbaez/Documents/ProyectosUni/REST_APIs)
2023-11-06 02:21:07,258 DEBUG [Test worker] org.springframework.boot.StartupInfoLogger: Running with Spring Boot v3.1.3, Spring v6.0.11
2023-11-06 02:21:07,260 INFO [Test worker] org.springframework.boot.SpringApplication: No active profile set, falling back to 1 default profile: "default"
2023-11-06 02:21:08,770 WARN [Test worker] org.springframework.boot.autoconfigure.orm.jpa.JpaBaseConfiguration$JpaWebConfiguration: spring.jpa.open-in-view is enabled by default. Therefore, database queries may be performed during view rendering. Explicitly configure spring.jpa.open-in-view to disable this warning
2023-11-06 02:21:09,195 INFO [Test worker] org.springframework.boot.StartupInfoLogger: Started ReservacionesApplication in 2.004 seconds (process running for 32.84)
2023-11-06 02:21:09,455 INFO [Test worker] org.springframework.boot.StartupInfoLogger: Starting CitaControllerTest using Java 19.0.2 with PID 27480 (started by brayanbaez in /Users/brayanbaez/Documents/ProyectosUni/REST_APIs)
2023-11-06 02:21:09,460 DEBUG [Test worker] org.springframework.boot.StartupInfoLogger: Running with Spring Boot v3.1.3, Spring v6.0.11
2023-11-06 02:21:09,461 INFO [Test worker] org.springframework.boot.SpringApplication: No active profile set, falling back to 1 default profile: "default"
2023-11-06 02:21:12,543 WARN [Test worker] org.springframework.boot.autoconfigure.orm.jpa.JpaBaseConfiguration$JpaWebConfiguration: spring.jpa.open-in-view is enabled by default. Therefore, database queries may be performed during view rendering. Explicitly configure spring.jpa.open-in-view to disable this warning
2023-11-06 02:21:12,704 WARN [Test worker] org.springframework.security.config.annotation.web.builders.WebSecurity: You are asking Spring Security to ignore Ant [pattern='/**']. This is not recommended -- please use permitAll via HttpSecurity#authorizeHttpRequests instead.
2023-11-06 02:21:13,192 INFO [Test worker] org.springframework.boot.StartupInfoLogger: Started CitaControllerTest in 3.804 seconds (process running for 36.837)
2023-11-06 02:21:14,980 WARN [Test worker] co.edu.unisabana.reservas.reservaciones.domain.service.CitaService: la cita 6 es reprogramada al dia 2023-12-03 a las 12:00 
2023-11-06 02:21:15,034 WARN [Test worker] co.edu.unisabana.reservas.reservaciones.web.controller.CitaController: Se elimina la cita 6
2023-11-06 02:21:15,096 INFO [Test worker] org.springframework.boot.StartupInfoLogger: Starting FranjaDeTrabajoControllerTest using Java 19.0.2 with PID 27480 (started by brayanbaez in /Users/brayanbaez/Documents/ProyectosUni/REST_APIs)
2023-11-06 02:21:15,097 DEBUG [Test worker] org.springframework.boot.StartupInfoLogger: Running with Spring Boot v3.1.3, Spring v6.0.11
2023-11-06 02:21:15,098 INFO [Test worker] org.springframework.boot.SpringApplication: No active profile set, falling back to 1 default profile: "default"
2023-11-06 02:21:19,535 WARN [Test worker] org.springframework.boot.autoconfigure.orm.jpa.JpaBaseConfiguration$JpaWebConfiguration: spring.jpa.open-in-view is enabled by default. Therefore, database queries may be performed during view rendering. Explicitly configure spring.jpa.open-in-view to disable this warning
2023-11-06 02:21:19,959 WARN [Test worker] org.springframework.security.config.annotation.web.builders.WebSecurity: You are asking Spring Security to ignore Ant [pattern='/**']. This is not recommended -- please use permitAll via HttpSecurity#authorizeHttpRequests instead.
2023-11-06 02:21:20,824 INFO [Test worker] org.springframework.boot.StartupInfoLogger: Started FranjaDeTrabajoControllerTest in 5.758 seconds (process running for 44.469)
2023-11-06 02:21:22,123 WARN [Test worker] co.edu.unisabana.reservas.reservaciones.domain.service.CitaService: Nueva cita guardada el dia null de null a las null
2023-11-06 02:21:22,163 WARN [Test worker] co.edu.unisabana.reservas.reservaciones.domain.service.CitaService: la cita 1 es reprogramada al dia null a las null 
2023-11-06 02:21:22,174 WARN [Test worker] co.edu.unisabana.reservas.reservaciones.domain.service.CitaService: Nueva cita guardada el dia null de null a las null
2023-11-06 02:21:22,181 WARN [Test worker] co.edu.unisabana.reservas.reservaciones.domain.service.CitaService: La cita 1 no se encontro
2023-11-06 02:21:22,195 WARN [Test worker] co.edu.unisabana.reservas.reservaciones.domain.service.FranjaDeTrabajoService: Se actualizo la franja de trabajo 1
2023-11-06 02:21:22,213 WARN [Test worker] co.edu.unisabana.reservas.reservaciones.domain.service.FranjaDeTrabajoService: Se creo la franja de trabajo el dia null de null hasta las null
